14/03/2025 21:33:27 - PowerShell processes terminated.
14/03/2025 21:33:27 - Script Path: C:\Users\pc\FlexMigration
14/03/2025 21:33:27 - PowerShell Script Path: C:\Users\pc\FlexMigration\Server.ps1
14/03/2025 21:33:27 - Executing: powershell -NoProfile -ExecutionPolicy Bypass -WindowStyle Hidden -File "C:\Users\pc\FlexMigration\Server.ps1"
14/03/2025 21:33:28 - Opening: chrome.exe http://localhost:8080/index.html
14/03/2025 21:39:04 - PowerShell processes terminated.
14/03/2025 21:39:04 - Script Path: C:\Users\pc\FlexMigration
14/03/2025 21:39:04 - PowerShell Script Path: C:\Users\pc\FlexMigration\Server.ps1
14/03/2025 21:39:04 - Executing: powershell -NoProfile -ExecutionPolicy Bypass -WindowStyle Hidden -File "C:\Users\pc\FlexMigration\Server.ps1"
14/03/2025 21:39:05 - Opening: chrome.exe http://localhost:8080/index.html
14/03/2025 21:42:08 - PowerShell processes terminated.
14/03/2025 21:42:08 - Script Path: C:\Users\pc\FlexMigration
14/03/2025 21:42:08 - PowerShell Script Path: C:\Users\pc\FlexMigration\Server.ps1
14/03/2025 21:42:08 - Executing: powershell -NoProfile -ExecutionPolicy Bypass -WindowStyle Hidden -File "C:\Users\pc\FlexMigration\Server.ps1"
14/03/2025 21:42:09 - Opening: chrome.exe http://localhost:8080/index.html
14/03/2025 21:45:57 - PowerShell processes terminated.
14/03/2025 21:45:57 - Script Path: C:\Users\pc\FlexMigration
14/03/2025 21:45:57 - PowerShell Script Path: C:\Users\pc\FlexMigration\Server.ps1
14/03/2025 21:45:57 - Executing: powershell -NoProfile -ExecutionPolicy Bypass -WindowStyle Hidden -File "C:\Users\pc\FlexMigration\Server.ps1"
14/03/2025 21:45:59 - Opening: chrome.exe http://localhost:8080/index.html
14/03/2025 21:49:41 - PowerShell processes terminated.
14/03/2025 21:49:41 - Script Path: C:\Users\pc\FlexMigration
14/03/2025 21:49:41 - PowerShell Script Path: C:\Users\pc\FlexMigration\Server.ps1
14/03/2025 21:49:42 - Executing: powershell -NoProfile -ExecutionPolicy Bypass -WindowStyle Hidden -File "C:\Users\pc\FlexMigration\Server.ps1"
14/03/2025 21:49:43 - Opening: chrome.exe http://localhost:8080/index.html
14/03/2025 22:03:20 - PowerShell processes terminated.
14/03/2025 22:03:20 - Script Path: C:\Users\pc\FlexMigration
14/03/2025 22:03:20 - PowerShell Script Path: C:\Users\pc\FlexMigration\Server.ps1
14/03/2025 22:03:20 - Executing: powershell -NoProfile -ExecutionPolicy Bypass -WindowStyle Hidden -File "C:\Users\pc\FlexMigration\Server.ps1"
14/03/2025 22:03:21 - Opening: chrome.exe http://localhost:8080/index.html
14/03/2025 22:04:00 - PowerShell processes terminated.
14/03/2025 22:04:00 - Script Path: C:\Users\pc\FlexMigration
14/03/2025 22:04:00 - PowerShell Script Path: C:\Users\pc\FlexMigration\Server.ps1
14/03/2025 22:04:00 - Executing: powershell -NoProfile -ExecutionPolicy Bypass -WindowStyle Hidden -File "C:\Users\pc\FlexMigration\Server.ps1"
14/03/2025 22:04:01 - Opening: chrome.exe http://localhost:8080/index.html
14/03/2025 22:31:09 - PowerShell processes terminated.
14/03/2025 22:31:09 - Script Path: C:\Users\pc\FlexMigration
14/03/2025 22:31:09 - PowerShell Script Path: C:\Users\pc\FlexMigration\Server.ps1
14/03/2025 22:31:09 - Executing: powershell -NoProfile -ExecutionPolicy Bypass -WindowStyle Hidden -File "C:\Users\pc\FlexMigration\Server.ps1"
14/03/2025 22:31:10 - Opening: chrome.exe http://localhost:8080/index.html
14/03/2025 22:31:56 - PowerShell processes terminated.
14/03/2025 22:31:56 - Script Path: C:\Users\pc\FlexMigration
14/03/2025 22:31:56 - PowerShell Script Path: C:\Users\pc\FlexMigration\Server.ps1
14/03/2025 22:31:56 - Executing: powershell -NoProfile -ExecutionPolicy Bypass -WindowStyle Hidden -File "C:\Users\pc\FlexMigration\Server.ps1"
14/03/2025 22:31:57 - Opening: chrome.exe http://localhost:8080/index.html
15/03/2025 8:22:13 - PowerShell processes terminated.
15/03/2025 8:22:13 - Script Path: C:\Users\pc\FlexMigration
15/03/2025 8:22:13 - PowerShell Script Path: C:\Users\pc\FlexMigration\Server.ps1
15/03/2025 8:22:13 - Executing: powershell -NoProfile -ExecutionPolicy Bypass -WindowStyle Hidden -File "C:\Users\pc\FlexMigration\Server.ps1"
15/03/2025 8:22:14 - Opening: chrome.exe http://localhost:8080/index.html
15/03/2025 8:40:37 - PowerShell processes terminated.
15/03/2025 8:40:37 - Script Path: C:\Users\pc\FlexMigration
15/03/2025 8:40:37 - PowerShell Script Path: C:\Users\pc\FlexMigration\Server.ps1
15/03/2025 8:40:37 - Executing: powershell -NoProfile -ExecutionPolicy Bypass -WindowStyle Hidden -File "C:\Users\pc\FlexMigration\Server.ps1"
15/03/2025 8:40:38 - Opening: chrome.exe http://localhost:8080/index.html
15/03/2025 8:55:46 - PowerShell processes terminated.
15/03/2025 8:55:46 - Script Path: C:\Users\pc\FlexMigration
15/03/2025 8:55:46 - PowerShell Script Path: C:\Users\pc\FlexMigration\Server.ps1
15/03/2025 8:55:46 - Executing: powershell -NoProfile -ExecutionPolicy Bypass -WindowStyle Hidden -File "C:\Users\pc\FlexMigration\Server.ps1"
15/03/2025 8:55:47 - Opening: chrome.exe http://localhost:8080/index.html
15/03/2025 9:38:44 - PowerShell processes terminated.
15/03/2025 9:38:44 - Script Path: C:\Users\pc\FlexMigration
15/03/2025 9:38:44 - PowerShell Script Path: C:\Users\pc\FlexMigration\Server.ps1
15/03/2025 9:38:45 - Executing: powershell -NoProfile -ExecutionPolicy Bypass -WindowStyle Hidden -File "C:\Users\pc\FlexMigration\Server.ps1"
15/03/2025 9:38:46 - Opening: chrome.exe http://localhost:8080/index.html
15/03/2025 9:43:13 - PowerShell processes terminated.
15/03/2025 9:43:13 - Script Path: C:\Users\pc\FlexMigration
15/03/2025 9:43:13 - PowerShell Script Path: C:\Users\pc\FlexMigration\Server.ps1
15/03/2025 9:43:13 - Executing: powershell -NoProfile -ExecutionPolicy Bypass -WindowStyle Hidden -File "C:\Users\pc\FlexMigration\Server.ps1"
15/03/2025 9:43:14 - Opening: chrome.exe http://localhost:8080/index.html
15/03/2025 9:55:03 - PowerShell processes terminated.
15/03/2025 9:55:03 - Script Path: C:\Users\pc\FlexMigration
15/03/2025 9:55:03 - PowerShell Script Path: C:\Users\pc\FlexMigration\Server.ps1
15/03/2025 9:55:03 - Executing: powershell -NoProfile -ExecutionPolicy Bypass -WindowStyle Hidden -File "C:\Users\pc\FlexMigration\Server.ps1"
15/03/2025 9:55:04 - Opening: chrome.exe http://localhost:8080/index.html
